[2025-04-21 13:38:01] New files detected: 1
[2025-04-21 13:38:37] main.py executed successfully.
[2025-04-21 13:38:37] main.py output:
Câmera: cam1
  - /app/backend/VehicleDetection/videos/cam1/3.mp4
Creating new Ultralytics Settings v0.0.6 file ✅ 
View Ultralytics Settings with 'yolo settings' or at '/root/.config/Ultralytics/settings.json'
Update Settings with 'yolo settings key=value', i.e. 'yolo settings runs_dir=path/to/dir'. For help see https://docs.ultralytics.com/quickstart/#ultralytics-settings.
Downloading https://github.com/ultralytics/assets/releases/download/v8.3.0/yolov8n.pt to 'yolov8n.pt'...
Processing: /app/backend/VehicleDetection/videos/cam1/3.mp4
Processing: /app/backend/VehicleDetection/videos/cam1/3.mp4

0: 480x640 3 persons, 7 cars, 2 motorcycles, 1 truck, 93.6ms
Speed: 1.4ms preprocess, 93.6ms inference, 0.9ms postprocess per image at shape (1, 3, 480, 640)

0: 480x640 3 persons, 7 cars, 2 motorcycles, 1 truck, 118.8ms
Speed: 0.4ms preprocess, 118.8ms inference, 0.6ms postprocess per image at shape (1, 3, 480, 640)

0: 480x640 4 persons, 7 cars, 2 motorcycles, 1 truck, 81.7ms
Speed: 0.8ms preprocess, 81.7ms inference, 0.9ms postprocess per image at shape (1, 3, 480, 640)

0: 480x640 5 persons, 7 cars, 2 motorcycles, 1 truck, 79.9ms
Speed: 0.8ms preprocess, 79.9ms inference, 0.4ms postprocess per image at shape (1, 3, 480, 640)

0: 480x640 4 persons, 7 cars, 2 motorcycles, 1 truck, 81.9ms
Speed: 0.6ms preprocess, 81.9ms inference, 0.4ms postprocess per image at shape (1, 3, 480, 640)

0: 480x640 4 persons, 8 cars, 2 motorcycles, 1 truck, 77.8ms
Speed: 0.6ms preprocess, 77.8ms inference, 0.6ms postprocess per image at shape (1, 3, 480, 640)

0: 480x640 4 persons, 8 cars, 2 motorcycles, 1 truck, 79.4ms
Speed: 0.6ms preprocess, 79.4ms inference, 0.4ms postprocess per image at shape (1, 3, 480, 640)

0: 480x640 4 persons, 8 cars, 2 motorcycles, 1 truck, 76.5ms
Speed: 0.6ms preprocess, 76.5ms inference, 0.4ms postprocess per image at shape (1, 3, 480, 640)

0: 480x640 4 persons, 7 cars, 2 motorcycles, 1 truck, 77.4ms
Speed: 0.5ms preprocess, 77.4ms inference, 0.4ms postprocess per image at shape (1, 3, 480, 640)

0: 480x640 4 persons, 7 cars, 2 motorcycles, 78.8ms
Speed: 0.4ms preprocess, 78.8ms inference, 0.5ms postprocess per image at shape (1, 3, 480, 640)

0: 480x640 4 persons, 6 cars, 2 motorcycles, 77.4ms
Speed: 0.5ms preprocess, 77.4ms inference, 0.4ms postprocess per image at shape (1, 3, 480, 640)

0: 480x640 3 persons, 5 cars, 2 motorcycles, 1 truck, 115.5ms
Speed: 0.6ms preprocess, 115.5ms inference, 1.1ms postprocess per image at shape (1, 3, 480, 640)

0: 480x640 3 persons, 4 cars, 2 motorcycles, 1 truck, 78.0ms
Speed: 0.5ms preprocess, 78.0ms inference, 0.4ms postprocess per image at shape (1, 3, 480, 640)

0: 480x640 3 persons, 5 cars, 2 motorcycles, 2 trucks, 76.1ms
Speed: 0.6ms preprocess, 76.1ms inference, 0.4ms postprocess per image at shape (1, 3, 480, 640)

0: 480x640 3 persons, 5 cars, 2 motorcycles, 2 trucks, 77.9ms
Speed: 0.7ms preprocess, 77.9ms inference, 0.4ms postprocess per image at shape (1, 3, 480, 640)

0: 480x640 3 persons, 6 cars, 2 motorcycles, 3 trucks, 78.9ms
Speed: 0.5ms preprocess, 78.9ms inference, 0.4ms postprocess per image at shape (1, 3, 480, 640)

0: 480x640 3 persons, 6 cars, 2 motorcycles, 2 trucks, 76.9ms
Speed: 0.5ms preprocess, 76.9ms inference, 0.6ms postprocess per image at shape (1, 3, 480, 640)

0: 480x640 3 persons, 6 cars, 2 motorcycles, 2 trucks, 76.3ms
Speed: 0.4ms preprocess, 76.3ms inference, 0.4ms postprocess per image at shape (1, 3, 480, 640)

0: 480x640 3 persons, 6 cars, 2 motorcycles, 3 trucks, 75.0ms
Speed: 0.4ms preprocess, 75.0ms inference, 0.6ms postprocess per image at shape (1, 3, 480, 640)

0: 480x640 3 persons, 7 cars, 2 motorcycles, 3 trucks, 73.5ms
Speed: 0.4ms preprocess, 73.5ms inference, 0.4ms postprocess per image at shape (1, 3, 480, 640)

0: 480x640 3 persons, 8 cars, 2 motorcycles, 3 trucks, 74.4ms
Speed: 0.5ms preprocess, 74.4ms inference, 0.4ms postprocess per image at shape (1, 3, 480, 640)

0: 480x640 3 persons, 9 cars, 2 motorcycles, 3 trucks, 73.7ms
Speed: 0.5ms preprocess, 73.7ms inference, 0.4ms postprocess per image at shape (1, 3, 480, 640)

0: 480x640 2 persons, 9 cars, 2 motorcycles, 3 trucks, 73.8ms
Speed: 0.4ms preprocess, 73.8ms inference, 0.6ms postprocess per image at shape (1, 3, 480, 640)

0: 480x640 3 persons, 9 cars, 2 motorcycles, 3 trucks, 81.7ms
Speed: 0.6ms preprocess, 81.7ms inference, 0.3ms postprocess per image at shape (1, 3, 480, 640)

0: 480x640 4 persons, 9 cars, 1 motorcycle, 3 trucks, 76.1ms
Speed: 0.5ms preprocess, 76.1ms inference, 0.4ms postprocess per image at shape (1, 3, 480, 640)

0: 480x640 3 persons, 10 cars, 1 motorcycle, 2 trucks, 74.0ms
Speed: 0.5ms preprocess, 74.0ms inference, 0.3ms postprocess per image at shape (1, 3, 480, 640)

0: 480x640 3 persons, 8 cars, 2 motorcycles, 2 trucks, 73.7ms
Speed: 0.5ms preprocess, 73.7ms inference, 0.3ms postprocess per image at shape (1, 3, 480, 640)

0: 480x640 3 persons, 8 cars, 2 motorcycles, 1 bus, 2 trucks, 74.4ms
Speed: 0.5ms preprocess, 74.4ms inference, 0.3ms postprocess per image at shape (1, 3, 480, 640)

0: 480x640 3 persons, 7 cars, 2 motorcycles, 3 trucks, 75.4ms
Speed: 0.5ms preprocess, 75.4ms inference, 0.3ms postprocess per image at shape (1, 3, 480, 640)

0: 480x640 2 persons, 9 cars, 2 motorcycles, 1 bus, 2 trucks, 76.8ms
Speed: 0.9ms preprocess, 76.8ms inference, 0.4ms postprocess per image at shape (1, 3, 480, 640)

0: 480x640 3 persons, 9 cars, 1 motorcycle, 3 trucks, 101.4ms
Speed: 0.7ms preprocess, 101.4ms inference, 1.2ms postprocess per image at shape (1, 3, 480, 640)

0: 480x640 3 persons, 9 cars, 2 motorcycles, 2 trucks, 76.4ms
Speed: 0.4ms preprocess, 76.4ms inference, 0.4ms postprocess per image at shape (1, 3, 480, 640)

0: 480x640 2 persons, 11 cars, 1 motorcycle, 1 truck, 76.7ms
Speed: 0.6ms preprocess, 76.7ms inference, 0.3ms postprocess per image at shape (1, 3, 480, 640)

0: 480x640 1 person, 9 cars, 2 motorcycles, 2 trucks, 75.3ms
Speed: 0.5ms preprocess, 75.3ms inference, 0.4ms postprocess per image at shape (1, 3, 480, 640)

0: 480x640 1 person, 7 cars, 2 motorcycles, 3 trucks, 74.7ms
Speed: 0.6ms preprocess, 74.7ms inference, 0.4ms postprocess per image at shape (1, 3, 480, 640)

0: 480x640 2 persons, 7 cars, 2 motorcycles, 3 trucks, 75.0ms
Speed: 0.5ms preprocess, 75.0ms inference, 0.6ms postprocess per image at shape (1, 3, 480, 640)

0: 480x640 2 persons, 7 cars, 2 motorcycles, 3 trucks, 73.0ms
Speed: 0.5ms preprocess, 73.0ms inference, 0.4ms postprocess per image at shape (1, 3, 480, 640)

0: 480x640 3 persons, 8 cars, 2 motorcycles, 2 trucks, 75.8ms
Speed: 0.5ms preprocess, 75.8ms inference, 0.6ms postprocess per image at shape (1, 3, 480, 640)

0: 480x640 3 persons, 7 cars, 2 motorcycles, 2 trucks, 74.9ms
Speed: 0.4ms preprocess, 74.9ms inference, 0.4ms postprocess per image at shape (1, 3, 480, 640)

0: 480x640 3 persons, 5 cars, 2 motorcycles, 2 trucks, 74.4ms
Speed: 0.5ms preprocess, 74.4ms inference, 0.3ms postprocess per image at shape (1, 3, 480, 640)

0: 480x640 3 persons, 5 cars, 2 motorcycles, 2 trucks, 76.8ms
Speed: 0.5ms preprocess, 76.8ms inference, 0.4ms postprocess per image at shape (1, 3, 480, 640)

0: 480x640 3 persons, 5 cars, 2 motorcycles, 2 trucks, 74.1ms
Speed: 0.5ms preprocess, 74.1ms inference, 0.3ms postprocess per image at shape (1, 3, 480, 640)

0: 480x640 3 persons, 3 cars, 3 motorcycles, 2 trucks, 77.1ms
Speed: 0.5ms preprocess, 77.1ms inference, 0.3ms postprocess per image at shape (1, 3, 480, 640)

0: 480x640 3 persons, 4 cars, 2 motorcycles, 2 trucks, 74.4ms
Speed: 0.6ms preprocess, 74.4ms inference, 0.4ms postprocess per image at shape (1, 3, 480, 640)

0: 480x640 2 persons, 3 cars, 2 motorcycles, 2 trucks, 75.2ms
Speed: 0.6ms preprocess, 75.2ms inference, 0.4ms postprocess per image at shape (1, 3, 480, 640)

0: 480x640 2 persons, 5 cars, 2 motorcycles, 3 trucks, 73.6ms
Speed: 0.5ms preprocess, 73.6ms inference, 0.4ms postprocess per image at shape (1, 3, 480, 640)

0: 480x640 2 persons, 5 cars, 1 motorcycle, 3 trucks, 75.4ms
Speed: 0.5ms preprocess, 75.4ms inference, 0.4ms postprocess per image at shape (1, 3, 480, 640)

0: 480x640 2 persons, 5 cars, 1 motorcycle, 3 trucks, 75.7ms
Speed: 0.5ms preprocess, 75.7ms inference, 0.3ms postprocess per image at shape (1, 3, 480, 640)

0: 480x640 2 persons, 5 cars, 1 motorcycle, 3 trucks, 76.1ms
Speed: 0.5ms preprocess, 76.1ms inference, 0.4ms postprocess per image at shape (1, 3, 480, 640)

0: 480x640 2 persons, 5 cars, 1 motorcycle, 3 trucks, 89.7ms
Speed: 0.8ms preprocess, 89.7ms inference, 0.4ms postprocess per image at shape (1, 3, 480, 640)

0: 480x640 2 persons, 5 cars, 1 motorcycle, 3 trucks, 74.6ms
Speed: 0.6ms preprocess, 74.6ms inference, 0.4ms postprocess per image at shape (1, 3, 480, 640)

0: 480x640 2 persons, 4 cars, 1 motorcycle, 3 trucks, 74.2ms
Speed: 0.5ms preprocess, 74.2ms inference, 0.3ms postprocess per image at shape (1, 3, 480, 640)

0: 480x640 2 persons, 4 cars, 1 motorcycle, 2 trucks, 76.3ms
Speed: 0.5ms preprocess, 76.3ms inference, 0.4ms postprocess per image at shape (1, 3, 480, 640)

0: 480x640 2 persons, 4 cars, 1 motorcycle, 2 trucks, 75.0ms
Speed: 0.5ms preprocess, 75.0ms inference, 0.4ms postprocess per image at shape (1, 3, 480, 640)

0: 480x640 2 persons, 4 cars, 1 motorcycle, 2 trucks, 74.7ms
Speed: 0.5ms preprocess, 74.7ms inference, 0.3ms postprocess per image at shape (1, 3, 480, 640)

0: 480x640 2 persons, 4 cars, 1 motorcycle, 2 trucks, 74.3ms
Speed: 0.5ms preprocess, 74.3ms inference, 0.3ms postprocess per image at shape (1, 3, 480, 640)

0: 480x640 2 persons, 4 cars, 1 motorcycle, 2 trucks, 74.3ms
Speed: 0.5ms preprocess, 74.3ms inference, 0.3ms postprocess per image at shape (1, 3, 480, 640)

0: 480x640 1 person, 5 cars, 1 motorcycle, 2 trucks, 75.7ms
Speed: 0.6ms preprocess, 75.7ms inference, 0.6ms postprocess per image at shape (1, 3, 480, 640)

0: 480x640 2 persons, 4 cars, 2 trucks, 74.8ms
Speed: 0.5ms preprocess, 74.8ms inference, 0.4ms postprocess per image at shape (1, 3, 480, 640)

0: 480x640 2 persons, 4 cars, 1 motorcycle, 2 trucks, 74.2ms
Speed: 0.5ms preprocess, 74.2ms inference, 0.6ms postprocess per image at shape (1, 3, 480, 640)

0: 480x640 2 persons, 5 cars, 1 motorcycle, 2 trucks, 79.2ms
Speed: 0.4ms preprocess, 79.2ms inference, 0.4ms postprocess per image at shape (1, 3, 480, 640)

0: 480x640 1 person, 6 cars, 1 motorcycle, 2 trucks, 74.4ms
Speed: 0.7ms preprocess, 74.4ms inference, 0.4ms postprocess per image at shape (1, 3, 480, 640)

0: 480x640 2 persons, 5 cars, 1 motorcycle, 2 trucks, 76.0ms
Speed: 0.5ms preprocess, 76.0ms inference, 0.5ms postprocess per image at shape (1, 3, 480, 640)

0: 480x640 2 persons, 5 cars, 1 motorcycle, 2 trucks, 74.3ms
Speed: 0.5ms preprocess, 74.3ms inference, 0.3ms postprocess per image at shape (1, 3, 480, 640)

0: 480x640 1 person, 4 cars, 1 motorcycle, 2 trucks, 74.5ms
Speed: 0.5ms preprocess, 74.5ms inference, 0.4ms postprocess per image at shape (1, 3, 480, 640)

0: 480x640 1 person, 4 cars, 1 motorcycle, 2 trucks, 76.3ms
Speed: 0.5ms preprocess, 76.3ms inference, 0.4ms postprocess per image at shape (1, 3, 480, 640)

0: 480x640 1 person, 4 cars, 1 motorcycle, 2 trucks, 75.2ms
Speed: 0.5ms preprocess, 75.2ms inference, 0.3ms postprocess per image at shape (1, 3, 480, 640)

0: 480x640 1 person, 4 cars, 1 motorcycle, 2 trucks, 75.8ms
Speed: 0.5ms preprocess, 75.8ms inference, 0.4ms postprocess per image at shape (1, 3, 480, 640)

0: 480x640 1 person, 4 cars, 1 motorcycle, 2 trucks, 75.6ms
Speed: 0.5ms preprocess, 75.6ms inference, 0.3ms postprocess per image at shape (1, 3, 480, 640)

0: 480x640 1 person, 4 cars, 1 motorcycle, 3 trucks, 75.3ms
Speed: 0.5ms preprocess, 75.3ms inference, 0.3ms postprocess per image at shape (1, 3, 480, 640)

0: 480x640 1 person, 4 cars, 1 motorcycle, 3 trucks, 75.3ms
Speed: 0.5ms preprocess, 75.3ms inference, 0.3ms postprocess per image at shape (1, 3, 480, 640)

0: 480x640 1 person, 4 cars, 1 motorcycle, 3 trucks, 75.8ms
Speed: 0.5ms preprocess, 75.8ms inference, 0.4ms postprocess per image at shape (1, 3, 480, 640)

0: 480x640 1 person, 4 cars, 1 motorcycle, 3 trucks, 78.0ms
Speed: 0.5ms preprocess, 78.0ms inference, 0.4ms postprocess per image at shape (1, 3, 480, 640)

0: 480x640 1 person, 5 cars, 1 motorcycle, 3 trucks, 74.7ms
Speed: 0.5ms preprocess, 74.7ms inference, 0.4ms postprocess per image at shape (1, 3, 480, 640)

0: 480x640 2 persons, 6 cars, 1 motorcycle, 3 trucks, 74.9ms
Speed: 0.7ms preprocess, 74.9ms inference, 0.4ms postprocess per image at shape (1, 3, 480, 640)

0: 480x640 2 persons, 6 cars, 1 motorcycle, 3 trucks, 76.0ms
Speed: 0.5ms preprocess, 76.0ms inference, 0.4ms postprocess per image at shape (1, 3, 480, 640)

0: 480x640 2 persons, 6 cars, 1 motorcycle, 3 trucks, 75.3ms
Speed: 0.6ms preprocess, 75.3ms inference, 0.4ms postprocess per image at shape (1, 3, 480, 640)

0: 480x640 1 person, 6 cars, 1 motorcycle, 3 trucks, 75.4ms
Speed: 0.6ms preprocess, 75.4ms inference, 0.4ms postprocess per image at shape (1, 3, 480, 640)

0: 480x640 1 person, 7 cars, 1 motorcycle, 3 trucks, 96.6ms
Speed: 0.5ms preprocess, 96.6ms inference, 0.4ms postprocess per image at shape (1, 3, 480, 640)

0: 480x640 2 persons, 7 cars, 1 motorcycle, 3 trucks, 76.2ms
Speed: 0.5ms preprocess, 76.2ms inference, 0.6ms postprocess per image at shape (1, 3, 480, 640)

0: 480x640 1 person, 7 cars, 1 motorcycle, 3 trucks, 73.8ms
Speed: 0.4ms preprocess, 73.8ms inference, 0.3ms postprocess per image at shape (1, 3, 480, 640)

0: 480x640 1 person, 8 cars, 1 motorcycle, 3 trucks, 74.9ms
Speed: 0.6ms preprocess, 74.9ms inference, 0.4ms postprocess per image at shape (1, 3, 480, 640)

0: 480x640 1 person, 9 cars, 1 motorcycle, 2 trucks, 75.2ms
Speed: 0.5ms preprocess, 75.2ms inference, 0.6ms postprocess per image at shape (1, 3, 480, 640)

0: 480x640 1 person, 8 cars, 1 motorcycle, 2 trucks, 73.9ms
Speed: 0.5ms preprocess, 73.9ms inference, 0.4ms postprocess per image at shape (1, 3, 480, 640)

0: 480x640 1 person, 9 cars, 1 motorcycle, 2 trucks, 75.5ms
Speed: 0.5ms preprocess, 75.5ms inference, 0.4ms postprocess per image at shape (1, 3, 480, 640)

0: 480x640 1 person, 9 cars, 1 motorcycle, 2 trucks, 76.2ms
Speed: 0.5ms preprocess, 76.2ms inference, 0.6ms postprocess per image at shape (1, 3, 480, 640)

0: 480x640 9 cars, 1 motorcycle, 3 trucks, 74.5ms
Speed: 0.5ms preprocess, 74.5ms inference, 0.4ms postprocess per image at shape (1, 3, 480, 640)

0: 480x640 9 cars, 1 motorcycle, 3 trucks, 75.2ms
Speed: 0.5ms preprocess, 75.2ms inference, 0.6ms postprocess per image at shape (1, 3, 480, 640)

0: 480x640 1 person, 9 cars, 1 motorcycle, 3 trucks, 74.8ms
Speed: 0.5ms preprocess, 74.8ms inference, 0.6ms postprocess per image at shape (1, 3, 480, 640)

0: 480x640 1 person, 9 cars, 1 motorcycle, 3 trucks, 77.1ms
Speed: 0.5ms preprocess, 77.1ms inference, 0.3ms postprocess per image at shape (1, 3, 480, 640)

0: 480x640 1 person, 8 cars, 1 motorcycle, 3 trucks, 74.7ms
Speed: 0.5ms preprocess, 74.7ms inference, 0.3ms postprocess per image at shape (1, 3, 480, 640)

0: 480x640 1 person, 9 cars, 1 motorcycle, 2 trucks, 75.2ms
Speed: 0.5ms preprocess, 75.2ms inference, 0.3ms postprocess per image at shape (1, 3, 480, 640)

0: 480x640 1 person, 11 cars, 1 motorcycle, 1 truck, 75.4ms
Speed: 0.5ms preprocess, 75.4ms inference, 0.4ms postprocess per image at shape (1, 3, 480, 640)

0: 480x640 1 person, 9 cars, 1 motorcycle, 1 truck, 74.2ms
Speed: 0.5ms preprocess, 74.2ms inference, 0.3ms postprocess per image at shape (1, 3, 480, 640)

0: 480x640 1 person, 8 cars, 1 motorcycle, 1 truck, 74.6ms
Speed: 0.5ms preprocess, 74.6ms inference, 0.4ms postprocess per image at shape (1, 3, 480, 640)

0: 480x640 7 cars, 1 motorcycle, 2 trucks, 74.4ms
Speed: 0.5ms preprocess, 74.4ms inference, 0.4ms postprocess per image at shape (1, 3, 480, 640)

0: 480x640 1 person, 7 cars, 1 motorcycle, 2 trucks, 74.1ms
Speed: 0.5ms preprocess, 74.1ms inference, 0.3ms postprocess per image at shape (1, 3, 480, 640)

0: 480x640 1 person, 8 cars, 1 motorcycle, 1 truck, 76.1ms
Speed: 0.6ms preprocess, 76.1ms inference, 0.4ms postprocess per image at shape (1, 3, 480, 640)

0: 480x640 1 person, 6 cars, 1 motorcycle, 2 trucks, 73.7ms
Speed: 0.5ms preprocess, 73.7ms inference, 0.3ms postprocess per image at shape (1, 3, 480, 640)

0: 480x640 1 person, 5 cars, 1 motorcycle, 2 trucks, 77.1ms
Speed: 0.5ms preprocess, 77.1ms inference, 0.4ms postprocess per image at shape (1, 3, 480, 640)

0: 480x640 1 person, 6 cars, 1 motorcycle, 1 truck, 74.5ms
Speed: 0.5ms preprocess, 74.5ms inference, 0.3ms postprocess per image at shape (1, 3, 480, 640)

0: 480x640 1 person, 5 cars, 1 motorcycle, 1 truck, 74.2ms
Speed: 0.5ms preprocess, 74.2ms inference, 0.3ms postprocess per image at shape (1, 3, 480, 640)

0: 480x640 1 person, 4 cars, 1 motorcycle, 1 truck, 75.8ms
Speed: 0.5ms preprocess, 75.8ms inference, 0.3ms postprocess per image at shape (1, 3, 480, 640)

0: 480x640 1 person, 4 cars, 1 motorcycle, 1 truck, 76.1ms
Speed: 0.6ms preprocess, 76.1ms inference, 0.4ms postprocess per image at shape (1, 3, 480, 640)

0: 480x640 1 person, 4 cars, 1 motorcycle, 1 truck, 75.2ms
Speed: 0.5ms preprocess, 75.2ms inference, 0.3ms postprocess per image at shape (1, 3, 480, 640)

0: 480x640 1 person, 4 cars, 1 motorcycle, 1 truck, 75.5ms
Speed: 0.5ms preprocess, 75.5ms inference, 0.4ms postprocess per image at shape (1, 3, 480, 640)

0: 480x640 2 persons, 4 cars, 1 truck, 75.2ms
Speed: 0.5ms preprocess, 75.2ms inference, 0.3ms postprocess per image at shape (1, 3, 480, 640)

0: 480x640 1 person, 4 cars, 1 truck, 73.9ms
Speed: 0.6ms preprocess, 73.9ms inference, 0.3ms postprocess per image at shape (1, 3, 480, 640)

0: 480x640 1 person, 4 cars, 1 truck, 76.7ms
Speed: 0.5ms preprocess, 76.7ms inference, 0.3ms postprocess per image at shape (1, 3, 480, 640)

0: 480x640 1 person, 3 cars, 1 truck, 75.0ms
Speed: 0.5ms preprocess, 75.0ms inference, 0.3ms postprocess per image at shape (1, 3, 480, 640)

0: 480x640 1 person, 3 cars, 1 truck, 75.0ms
Speed: 0.5ms preprocess, 75.0ms inference, 0.3ms postprocess per image at shape (1, 3, 480, 640)

0: 480x640 1 person, 3 cars, 1 truck, 74.6ms
Speed: 0.5ms preprocess, 74.6ms inference, 0.3ms postprocess per image at shape (1, 3, 480, 640)

0: 480x640 1 person, 4 cars, 1 truck, 74.7ms
Speed: 0.5ms preprocess, 74.7ms inference, 0.3ms postprocess per image at shape (1, 3, 480, 640)

0: 480x640 1 person, 5 cars, 1 truck, 76.2ms
Speed: 0.5ms preprocess, 76.2ms inference, 0.3ms postprocess per image at shape (1, 3, 480, 640)

0: 480x640 1 person, 4 cars, 1 truck, 74.4ms
Speed: 0.5ms preprocess, 74.4ms inference, 0.3ms postprocess per image at shape (1, 3, 480, 640)

0: 480x640 1 person, 4 cars, 1 truck, 75.7ms
Speed: 0.5ms preprocess, 75.7ms inference, 0.3ms postprocess per image at shape (1, 3, 480, 640)

0: 480x640 1 person, 4 cars, 1 truck, 75.3ms
Speed: 0.6ms preprocess, 75.3ms inference, 0.3ms postprocess per image at shape (1, 3, 480, 640)

0: 480x640 1 person, 4 cars, 1 truck, 74.8ms
Speed: 0.5ms preprocess, 74.8ms inference, 0.4ms postprocess per image at shape (1, 3, 480, 640)

0: 480x640 1 person, 4 cars, 1 truck, 76.3ms
Speed: 0.7ms preprocess, 76.3ms inference, 0.4ms postprocess per image at shape (1, 3, 480, 640)

0: 480x640 1 person, 1 bicycle, 4 cars, 1 truck, 74.2ms
Speed: 0.5ms preprocess, 74.2ms inference, 0.3ms postprocess per image at shape (1, 3, 480, 640)

0: 480x640 1 person, 1 bicycle, 5 cars, 1 truck, 75.1ms
Speed: 0.5ms preprocess, 75.1ms inference, 0.3ms postprocess per image at shape (1, 3, 480, 640)

0: 480x640 1 person, 5 cars, 1 motorcycle, 1 truck, 76.3ms
Speed: 0.5ms preprocess, 76.3ms inference, 0.4ms postprocess per image at shape (1, 3, 480, 640)

0: 480x640 2 persons, 4 cars, 1 truck, 78.3ms
Speed: 0.5ms preprocess, 78.3ms inference, 0.4ms postprocess per image at shape (1, 3, 480, 640)

0: 480x640 2 persons, 5 cars, 1 truck, 75.1ms
Speed: 0.5ms preprocess, 75.1ms inference, 0.4ms postprocess per image at shape (1, 3, 480, 640)

0: 480x640 2 persons, 5 cars, 1 truck, 76.4ms
Speed: 0.5ms preprocess, 76.4ms inference, 0.6ms postprocess per image at shape (1, 3, 480, 640)

0: 480x640 1 person, 5 cars, 1 motorcycle, 2 trucks, 76.1ms
Speed: 0.4ms preprocess, 76.1ms inference, 0.3ms postprocess per image at shape (1, 3, 480, 640)

0: 480x640 2 persons, 5 cars, 1 motorcycle, 2 trucks, 75.1ms
Speed: 0.5ms preprocess, 75.1ms inference, 0.3ms postprocess per image at shape (1, 3, 480, 640)

0: 480x640 2 persons, 5 cars, 1 motorcycle, 1 truck, 75.8ms
Speed: 0.5ms preprocess, 75.8ms inference, 0.4ms postprocess per image at shape (1, 3, 480, 640)

0: 480x640 2 persons, 1 bicycle, 5 cars, 1 truck, 75.2ms
Speed: 0.5ms preprocess, 75.2ms inference, 0.6ms postprocess per image at shape (1, 3, 480, 640)

0: 480x640 2 persons, 5 cars, 1 motorcycle, 2 trucks, 76.8ms
Speed: 0.5ms preprocess, 76.8ms inference, 0.3ms postprocess per image at shape (1, 3, 480, 640)

0: 480x640 2 persons, 5 cars, 1 motorcycle, 3 trucks, 75.0ms
Speed: 0.6ms preprocess, 75.0ms inference, 0.4ms postprocess per image at shape (1, 3, 480, 640)

0: 480x640 3 persons, 5 cars, 1 motorcycle, 3 trucks, 75.0ms
Speed: 0.5ms preprocess, 75.0ms inference, 0.4ms postprocess per image at shape (1, 3, 480, 640)

0: 480x640 3 persons, 6 cars, 1 motorcycle, 3 trucks, 74.9ms
Speed: 0.5ms preprocess, 74.9ms inference, 0.3ms postprocess per image at shape (1, 3, 480, 640)

0: 480x640 3 persons, 6 cars, 1 motorcycle, 3 trucks, 74.7ms
Speed: 0.6ms preprocess, 74.7ms inference, 0.4ms postprocess per image at shape (1, 3, 480, 640)

0: 480x640 3 persons, 6 cars, 1 motorcycle, 3 trucks, 75.8ms
Speed: 0.5ms preprocess, 75.8ms inference, 0.4ms postprocess per image at shape (1, 3, 480, 640)

0: 480x640 2 persons, 5 cars, 1 motorcycle, 2 trucks, 76.0ms
Speed: 0.5ms preprocess, 76.0ms inference, 0.4ms postprocess per image at shape (1, 3, 480, 640)

0: 480x640 3 persons, 6 cars, 1 motorcycle, 2 trucks, 76.3ms
Speed: 0.5ms preprocess, 76.3ms inference, 0.4ms postprocess per image at shape (1, 3, 480, 640)

0: 480x640 3 persons, 6 cars, 1 motorcycle, 2 trucks, 75.4ms
Speed: 0.4ms preprocess, 75.4ms inference, 0.4ms postprocess per image at shape (1, 3, 480, 640)

0: 480x640 3 persons, 8 cars, 1 motorcycle, 1 bus, 75.2ms
Speed: 0.5ms preprocess, 75.2ms inference, 0.3ms postprocess per image at shape (1, 3, 480, 640)

0: 480x640 3 persons, 7 cars, 1 motorcycle, 1 truck, 76.4ms
Speed: 0.6ms preprocess, 76.4ms inference, 0.3ms postprocess per image at shape (1, 3, 480, 640)

0: 480x640 3 persons, 8 cars, 1 motorcycle, 2 trucks, 75.8ms
Speed: 0.5ms preprocess, 75.8ms inference, 0.3ms postprocess per image at shape (1, 3, 480, 640)

0: 480x640 3 persons, 10 cars, 1 motorcycle, 1 truck, 75.0ms
Speed: 0.5ms preprocess, 75.0ms inference, 0.3ms postprocess per image at shape (1, 3, 480, 640)

0: 480x640 3 persons, 7 cars, 1 motorcycle, 1 truck, 77.4ms
Speed: 0.5ms preprocess, 77.4ms inference, 0.6ms postprocess per image at shape (1, 3, 480, 640)

0: 480x640 3 persons, 6 cars, 1 motorcycle, 2 trucks, 78.0ms
Speed: 0.4ms preprocess, 78.0ms inference, 0.4ms postprocess per image at shape (1, 3, 480, 640)

0: 480x640 3 persons, 7 cars, 1 motorcycle, 2 trucks, 77.0ms
Speed: 0.5ms preprocess, 77.0ms inference, 0.3ms postprocess per image at shape (1, 3, 480, 640)

0: 480x640 3 persons, 7 cars, 1 motorcycle, 2 trucks, 75.4ms
Speed: 0.5ms preprocess, 75.4ms inference, 0.4ms postprocess per image at shape (1, 3, 480, 640)

0: 480x640 3 persons, 7 cars, 1 motorcycle, 2 trucks, 74.5ms
Speed: 0.5ms preprocess, 74.5ms inference, 0.3ms postprocess per image at shape (1, 3, 480, 640)

0: 480x640 4 persons, 8 cars, 1 motorcycle, 1 truck, 75.8ms
Speed: 0.5ms preprocess, 75.8ms inference, 0.3ms postprocess per image at shape (1, 3, 480, 640)

0: 480x640 4 persons, 7 cars, 1 motorcycle, 2 trucks, 76.5ms
Speed: 0.5ms preprocess, 76.5ms inference, 0.3ms postprocess per image at shape (1, 3, 480, 640)

0: 480x640 4 persons, 6 cars, 1 motorcycle, 2 trucks, 76.9ms
Speed: 0.5ms preprocess, 76.9ms inference, 0.4ms postprocess per image at shape (1, 3, 480, 640)

0: 480x640 4 persons, 6 cars, 1 motorcycle, 2 trucks, 76.6ms
Speed: 0.5ms preprocess, 76.6ms inference, 0.3ms postprocess per image at shape (1, 3, 480, 640)

0: 480x640 4 persons, 6 cars, 1 motorcycle, 2 trucks, 77.2ms
Speed: 0.5ms preprocess, 77.2ms inference, 0.4ms postprocess per image at shape (1, 3, 480, 640)

0: 480x640 4 persons, 6 cars, 1 motorcycle, 2 trucks, 74.9ms
Speed: 0.5ms preprocess, 74.9ms inference, 0.4ms postprocess per image at shape (1, 3, 480, 640)

0: 480x640 3 persons, 6 cars, 1 motorcycle, 2 trucks, 74.2ms
Speed: 0.6ms preprocess, 74.2ms inference, 0.3ms postprocess per image at shape (1, 3, 480, 640)

0: 480x640 3 persons, 6 cars, 1 motorcycle, 2 trucks, 74.8ms
Speed: 0.5ms preprocess, 74.8ms inference, 0.3ms postprocess per image at shape (1, 3, 480, 640)

0: 480x640 3 persons, 7 cars, 1 motorcycle, 2 trucks, 76.7ms
Speed: 0.5ms preprocess, 76.7ms inference, 0.4ms postprocess per image at shape (1, 3, 480, 640)

0: 480x640 3 persons, 9 cars, 1 motorcycle, 2 trucks, 76.4ms
Speed: 0.5ms preprocess, 76.4ms inference, 0.4ms postprocess per image at shape (1, 3, 480, 640)

0: 480x640 3 persons, 9 cars, 1 motorcycle, 2 trucks, 75.0ms
Speed: 0.5ms preprocess, 75.0ms inference, 0.4ms postprocess per image at shape (1, 3, 480, 640)

0: 480x640 2 persons, 1 bicycle, 9 cars, 1 motorcycle, 2 trucks, 76.3ms
Speed: 0.6ms preprocess, 76.3ms inference, 0.4ms postprocess per image at shape (1, 3, 480, 640)

0: 480x640 2 persons, 1 bicycle, 9 cars, 1 motorcycle, 2 trucks, 76.8ms
Speed: 0.4ms preprocess, 76.8ms inference, 0.4ms postprocess per image at shape (1, 3, 480, 640)

0: 480x640 2 persons, 1 bicycle, 9 cars, 1 motorcycle, 2 trucks, 76.2ms
Speed: 0.5ms preprocess, 76.2ms inference, 0.4ms postprocess per image at shape (1, 3, 480, 640)

0: 480x640 3 persons, 1 bicycle, 9 cars, 1 motorcycle, 1 truck, 78.0ms
Speed: 0.5ms preprocess, 78.0ms inference, 0.3ms postprocess per image at shape (1, 3, 480, 640)

0: 480x640 3 persons, 1 bicycle, 9 cars, 1 motorcycle, 1 truck, 80.0ms
Speed: 0.5ms preprocess, 80.0ms inference, 0.9ms postprocess per image at shape (1, 3, 480, 640)

0: 480x640 3 persons, 1 bicycle, 8 cars, 1 motorcycle, 1 truck, 84.6ms
Speed: 0.8ms preprocess, 84.6ms inference, 0.4ms postprocess per image at shape (1, 3, 480, 640)

0: 480x640 4 persons, 1 bicycle, 9 cars, 1 motorcycle, 1 truck, 76.7ms
Speed: 0.6ms preprocess, 76.7ms inference, 0.6ms postprocess per image at shape (1, 3, 480, 640)

0: 480x640 3 persons, 1 bicycle, 10 cars, 1 motorcycle, 76.5ms
Speed: 0.5ms preprocess, 76.5ms inference, 0.4ms postprocess per image at shape (1, 3, 480, 640)

0: 480x640 2 persons, 1 bicycle, 10 cars, 1 motorcycle, 76.2ms
Speed: 0.5ms preprocess, 76.2ms inference, 0.6ms postprocess per image at shape (1, 3, 480, 640)

0: 480x640 1 person, 1 bicycle, 11 cars, 1 motorcycle, 75.5ms
Speed: 0.3ms preprocess, 75.5ms inference, 0.6ms postprocess per image at shape (1, 3, 480, 640)

0: 480x640 1 person, 1 bicycle, 10 cars, 1 truck, 77.6ms
Speed: 0.6ms preprocess, 77.6ms inference, 0.4ms postprocess per image at shape (1, 3, 480, 640)

0: 480x640 1 person, 1 bicycle, 11 cars, 1 truck, 76.8ms
Speed: 0.5ms preprocess, 76.8ms inference, 0.4ms postprocess per image at shape (1, 3, 480, 640)

0: 480x640 1 person, 1 bicycle, 11 cars, 1 truck, 76.5ms
Speed: 0.5ms preprocess, 76.5ms inference, 0.3ms postprocess per image at shape (1, 3, 480, 640)

0: 480x640 1 person, 1 bicycle, 10 cars, 1 truck, 74.0ms
Speed: 0.5ms preprocess, 74.0ms inference, 0.3ms postprocess per image at shape (1, 3, 480, 640)

0: 480x640 1 person, 1 bicycle, 10 cars, 1 truck, 77.0ms
Speed: 0.5ms preprocess, 77.0ms inference, 0.3ms postprocess per image at shape (1, 3, 480, 640)

0: 480x640 1 person, 1 bicycle, 10 cars, 1 truck, 76.7ms
Speed: 0.5ms preprocess, 76.7ms inference, 0.3ms postprocess per image at shape (1, 3, 480, 640)

0: 480x640 1 person, 1 bicycle, 10 cars, 1 truck, 78.1ms
Speed: 0.5ms preprocess, 78.1ms inference, 0.4ms postprocess per image at shape (1, 3, 480, 640)

0: 480x640 1 person, 10 cars, 1 truck, 76.7ms
Speed: 0.6ms preprocess, 76.7ms inference, 0.4ms postprocess per image at shape (1, 3, 480, 640)

0: 480x640 1 person, 9 cars, 1 truck, 75.8ms
Speed: 0.6ms preprocess, 75.8ms inference, 0.4ms postprocess per image at shape (1, 3, 480, 640)

0: 480x640 1 person, 1 bicycle, 9 cars, 1 truck, 76.2ms
Speed: 0.5ms preprocess, 76.2ms inference, 0.4ms postprocess per image at shape (1, 3, 480, 640)

0: 480x640 1 person, 1 bicycle, 10 cars, 1 truck, 77.6ms
Speed: 0.5ms preprocess, 77.6ms inference, 0.3ms postprocess per image at shape (1, 3, 480, 640)

0: 480x640 1 person, 1 bicycle, 10 cars, 1 truck, 76.9ms
Speed: 0.5ms preprocess, 76.9ms inference, 0.6ms postprocess per image at shape (1, 3, 480, 640)

0: 480x640 1 person, 10 cars, 1 truck, 78.4ms
Speed: 0.4ms preprocess, 78.4ms inference, 0.4ms postprocess per image at shape (1, 3, 480, 640)

0: 480x640 1 bicycle, 10 cars, 1 truck, 75.0ms
Speed: 0.5ms preprocess, 75.0ms inference, 0.4ms postprocess per image at shape (1, 3, 480, 640)

0: 480x640 2 persons, 1 bicycle, 10 cars, 1 motorcycle, 1 truck, 75.8ms
Speed: 0.4ms preprocess, 75.8ms inference, 0.3ms postprocess per image at shape (1, 3, 480, 640)

0: 480x640 3 persons, 1 bicycle, 10 cars, 1 truck, 76.2ms
Speed: 0.5ms preprocess, 76.2ms inference, 0.3ms postprocess per image at shape (1, 3, 480, 640)

0: 480x640 3 persons, 1 bicycle, 10 cars, 1 truck, 77.9ms
Speed: 0.7ms preprocess, 77.9ms inference, 0.4ms postprocess per image at shape (1, 3, 480, 640)

0: 480x640 1 person, 1 bicycle, 10 cars, 1 motorcycle, 1 truck, 80.0ms
Speed: 0.5ms preprocess, 80.0ms inference, 0.4ms postprocess per image at shape (1, 3, 480, 640)

0: 480x640 1 person, 1 bicycle, 10 cars, 1 motorcycle, 2 trucks, 78.1ms
Speed: 0.5ms preprocess, 78.1ms inference, 0.4ms postprocess per image at shape (1, 3, 480, 640)

0: 480x640 3 persons, 1 bicycle, 10 cars, 2 trucks, 77.5ms
Speed: 0.5ms preprocess, 77.5ms inference, 0.6ms postprocess per image at shape (1, 3, 480, 640)

0: 480x640 2 persons, 1 bicycle, 10 cars, 2 trucks, 75.9ms
Speed: 0.5ms preprocess, 75.9ms inference, 0.6ms postprocess per image at shape (1, 3, 480, 640)

0: 480x640 3 persons, 1 bicycle, 10 cars, 2 trucks, 76.6ms
Speed: 0.5ms preprocess, 76.6ms inference, 0.4ms postprocess per image at shape (1, 3, 480, 640)

0: 480x640 3 persons, 1 bicycle, 10 cars, 2 trucks, 76.4ms
Speed: 0.5ms preprocess, 76.4ms inference, 0.6ms postprocess per image at shape (1, 3, 480, 640)

0: 480x640 2 persons, 9 cars, 3 trucks, 98.4ms
Speed: 0.5ms preprocess, 98.4ms inference, 0.4ms postprocess per image at shape (1, 3, 480, 640)

0: 480x640 2 persons, 1 bicycle, 9 cars, 2 trucks, 77.9ms
Speed: 0.5ms preprocess, 77.9ms inference, 0.4ms postprocess per image at shape (1, 3, 480, 640)

0: 480x640 2 persons, 1 bicycle, 9 cars, 2 trucks, 76.2ms
Speed: 0.5ms preprocess, 76.2ms inference, 0.3ms postprocess per image at shape (1, 3, 480, 640)

0: 480x640 3 persons, 1 bicycle, 9 cars, 2 trucks, 78.8ms
Speed: 0.5ms preprocess, 78.8ms inference, 0.4ms postprocess per image at shape (1, 3, 480, 640)

0: 480x640 2 persons, 1 bicycle, 9 cars, 3 trucks, 76.9ms
Speed: 0.5ms preprocess, 76.9ms inference, 0.4ms postprocess per image at shape (1, 3, 480, 640)

0: 480x640 2 persons, 1 bicycle, 8 cars, 3 trucks, 77.8ms
Speed: 0.5ms preprocess, 77.8ms inference, 0.6ms postprocess per image at shape (1, 3, 480, 640)

0: 480x640 3 persons, 1 bicycle, 8 cars, 3 trucks, 77.4ms
Speed: 0.5ms preprocess, 77.4ms inference, 0.4ms postprocess per image at shape (1, 3, 480, 640)

0: 480x640 3 persons, 1 bicycle, 7 cars, 3 trucks, 78.6ms
Speed: 0.5ms preprocess, 78.6ms inference, 0.3ms postprocess per image at shape (1, 3, 480, 640)

0: 480x640 2 persons, 1 bicycle, 7 cars, 3 trucks, 77.7ms
Speed: 0.5ms preprocess, 77.7ms inference, 0.3ms postprocess per image at shape (1, 3, 480, 640)

0: 480x640 1 person, 1 bicycle, 7 cars, 3 trucks, 75.9ms
Speed: 0.6ms preprocess, 75.9ms inference, 0.7ms postprocess per image at shape (1, 3, 480, 640)

0: 480x640 1 person, 1 bicycle, 7 cars, 3 trucks, 77.5ms
Speed: 0.5ms preprocess, 77.5ms inference, 0.4ms postprocess per image at shape (1, 3, 480, 640)

0: 480x640 1 person, 2 bicycles, 8 cars, 3 trucks, 110.3ms
Speed: 0.5ms preprocess, 110.3ms inference, 0.4ms postprocess per image at shape (1, 3, 480, 640)

0: 480x640 1 person, 1 bicycle, 8 cars, 3 trucks, 77.8ms
Speed: 0.5ms preprocess, 77.8ms inference, 0.3ms postprocess per image at shape (1, 3, 480, 640)

0: 480x640 1 person, 2 bicycles, 8 cars, 3 trucks, 77.1ms
Speed: 0.5ms preprocess, 77.1ms inference, 0.4ms postprocess per image at shape (1, 3, 480, 640)

0: 480x640 1 person, 2 bicycles, 8 cars, 3 trucks, 78.4ms
Speed: 0.5ms preprocess, 78.4ms inference, 0.4ms postprocess per image at shape (1, 3, 480, 640)

0: 480x640 2 persons, 2 bicycles, 8 cars, 3 trucks, 76.4ms
Speed: 0.5ms preprocess, 76.4ms inference, 0.4ms postprocess per image at shape (1, 3, 480, 640)

0: 480x640 2 persons, 2 bicycles, 8 cars, 2 trucks, 76.9ms
Speed: 0.5ms preprocess, 76.9ms inference, 0.4ms postprocess per image at shape (1, 3, 480, 640)

0: 480x640 3 persons, 1 bicycle, 7 cars, 1 truck, 77.8ms
Speed: 0.6ms preprocess, 77.8ms inference, 0.3ms postprocess per image at shape (1, 3, 480, 640)

0: 480x640 3 persons, 2 bicycles, 7 cars, 2 trucks, 78.2ms
Speed: 0.5ms preprocess, 78.2ms inference, 0.4ms postprocess per image at shape (1, 3, 480, 640)

0: 480x640 3 persons, 2 bicycles, 6 cars, 3 trucks, 77.5ms
Speed: 0.6ms preprocess, 77.5ms inference, 0.3ms postprocess per image at shape (1, 3, 480, 640)

0: 480x640 3 persons, 1 bicycle, 8 cars, 2 trucks, 79.8ms
Speed: 0.5ms preprocess, 79.8ms inference, 0.3ms postprocess per image at shape (1, 3, 480, 640)

0: 480x640 3 persons, 2 bicycles, 8 cars, 2 trucks, 77.1ms
Speed: 0.5ms preprocess, 77.1ms inference, 0.3ms postprocess per image at shape (1, 3, 480, 640)

0: 480x640 3 persons, 2 bicycles, 6 cars, 3 trucks, 77.0ms
Speed: 0.5ms preprocess, 77.0ms inference, 0.4ms postprocess per image at shape (1, 3, 480, 640)

0: 480x640 3 persons, 2 bicycles, 7 cars, 2 trucks, 77.3ms
Speed: 0.5ms preprocess, 77.3ms inference, 0.6ms postprocess per image at shape (1, 3, 480, 640)

0: 480x640 3 persons, 2 bicycles, 5 cars, 3 trucks, 86.1ms
Speed: 0.5ms preprocess, 86.1ms inference, 0.6ms postprocess per image at shape (1, 3, 480, 640)

0: 480x640 4 persons, 2 bicycles, 6 cars, 2 trucks, 80.0ms
Speed: 0.5ms preprocess, 80.0ms inference, 0.4ms postprocess per image at shape (1, 3, 480, 640)

0: 480x640 3 persons, 3 bicycles, 6 cars, 3 trucks, 77.3ms
Speed: 0.5ms preprocess, 77.3ms inference, 0.6ms postprocess per image at shape (1, 3, 480, 640)

0: 480x640 3 persons, 2 bicycles, 7 cars, 2 trucks, 78.5ms
Speed: 0.5ms preprocess, 78.5ms inference, 0.4ms postprocess per image at shape (1, 3, 480, 640)

0: 480x640 4 persons, 2 bicycles, 6 cars, 2 trucks, 77.5ms
Speed: 0.6ms preprocess, 77.5ms inference, 0.4ms postprocess per image at shape (1, 3, 480, 640)

0: 480x640 3 persons, 3 bicycles, 5 cars, 2 trucks, 78.2ms
Speed: 0.6ms preprocess, 78.2ms inference, 0.3ms postprocess per image at shape (1, 3, 480, 640)

0: 480x640 3 persons, 2 bicycles, 5 cars, 2 trucks, 76.5ms
Speed: 0.5ms preprocess, 76.5ms inference, 0.4ms postprocess per image at shape (1, 3, 480, 640)

0: 480x640 4 persons, 2 bicycles, 5 cars, 2 trucks, 77.9ms
Speed: 0.5ms preprocess, 77.9ms inference, 0.4ms postprocess per image at shape (1, 3, 480, 640)

0: 480x640 4 persons, 3 bicycles, 5 cars, 2 trucks, 76.6ms
Speed: 0.6ms preprocess, 76.6ms inference, 0.4ms postprocess per image at shape (1, 3, 480, 640)

0: 480x640 4 persons, 2 bicycles, 6 cars, 2 trucks, 77.2ms
Speed: 0.3ms preprocess, 77.2ms inference, 0.4ms postprocess per image at shape (1, 3, 480, 640)

0: 480x640 4 persons, 2 bicycles, 7 cars, 2 trucks, 77.8ms
Speed: 0.5ms preprocess, 77.8ms inference, 0.4ms postprocess per image at shape (1, 3, 480, 640)

0: 480x640 3 persons, 2 bicycles, 7 cars, 2 trucks, 77.8ms
Speed: 0.5ms preprocess, 77.8ms inference, 0.3ms postprocess per image at shape (1, 3, 480, 640)

0: 480x640 3 persons, 3 bicycles, 8 cars, 2 trucks, 76.5ms
Speed: 0.5ms preprocess, 76.5ms inference, 0.3ms postprocess per image at shape (1, 3, 480, 640)

0: 480x640 3 persons, 2 bicycles, 7 cars, 4 trucks, 79.6ms
Speed: 0.5ms preprocess, 79.6ms inference, 0.4ms postprocess per image at shape (1, 3, 480, 640)

0: 480x640 3 persons, 2 bicycles, 7 cars, 3 trucks, 77.3ms
Speed: 0.6ms preprocess, 77.3ms inference, 0.4ms postprocess per image at shape (1, 3, 480, 640)

0: 480x640 3 persons, 3 bicycles, 7 cars, 1 bus, 2 trucks, 77.9ms
Speed: 0.5ms preprocess, 77.9ms inference, 0.4ms postprocess per image at shape (1, 3, 480, 640)

0: 480x640 3 persons, 3 bicycles, 9 cars, 3 trucks, 77.7ms
Speed: 0.5ms preprocess, 77.7ms inference, 0.3ms postprocess per image at shape (1, 3, 480, 640)

0: 480x640 3 persons, 5 bicycles, 9 cars, 3 trucks, 77.3ms
Speed: 0.5ms preprocess, 77.3ms inference, 0.3ms postprocess per image at shape (1, 3, 480, 640)

0: 480x640 3 persons, 3 bicycles, 7 cars, 3 trucks, 78.7ms
Speed: 0.5ms preprocess, 78.7ms inference, 0.4ms postprocess per image at shape (1, 3, 480, 640)

0: 480x640 3 persons, 2 bicycles, 9 cars, 3 trucks, 76.5ms
Speed: 0.6ms preprocess, 76.5ms inference, 0.4ms postprocess per image at shape (1, 3, 480, 640)

0: 480x640 4 persons, 2 bicycles, 8 cars, 4 trucks, 78.1ms
Speed: 0.5ms preprocess, 78.1ms inference, 0.4ms postprocess per image at shape (1, 3, 480, 640)

0: 480x640 4 persons, 2 bicycles, 7 cars, 3 trucks, 83.6ms
Speed: 0.5ms preprocess, 83.6ms inference, 0.4ms postprocess per image at shape (1, 3, 480, 640)

0: 480x640 4 persons, 2 bicycles, 8 cars, 3 trucks, 77.9ms
Speed: 0.5ms preprocess, 77.9ms inference, 0.4ms postprocess per image at shape (1, 3, 480, 640)

0: 480x640 4 persons, 2 bicycles, 8 cars, 4 trucks, 78.4ms
Speed: 0.5ms preprocess, 78.4ms inference, 0.3ms postprocess per image at shape (1, 3, 480, 640)

0: 480x640 2 persons, 2 bicycles, 8 cars, 4 trucks, 78.8ms
Speed: 0.6ms preprocess, 78.8ms inference, 0.4ms postprocess per image at shape (1, 3, 480, 640)

0: 480x640 3 persons, 2 bicycles, 7 cars, 4 trucks, 76.9ms
Speed: 0.5ms preprocess, 76.9ms inference, 0.3ms postprocess per image at shape (1, 3, 480, 640)

0: 480x640 3 persons, 2 bicycles, 6 cars, 4 trucks, 76.6ms
Speed: 0.4ms preprocess, 76.6ms inference, 0.4ms postprocess per image at shape (1, 3, 480, 640)

0: 480x640 3 persons, 2 bicycles, 6 cars, 4 trucks, 77.0ms
Speed: 0.5ms preprocess, 77.0ms inference, 0.4ms postprocess per image at shape (1, 3, 480, 640)

0: 480x640 4 persons, 2 bicycles, 4 cars, 4 trucks, 77.6ms
Speed: 0.6ms preprocess, 77.6ms inference, 0.6ms postprocess per image at shape (1, 3, 480, 640)

0: 480x640 3 persons, 2 bicycles, 4 cars, 1 bus, 3 trucks, 77.5ms
Speed: 0.4ms preprocess, 77.5ms inference, 0.3ms postprocess per image at shape (1, 3, 480, 640)

0: 480x640 4 persons, 2 bicycles, 4 cars, 1 bus, 3 trucks, 77.3ms
Speed: 0.5ms preprocess, 77.3ms inference, 0.4ms postprocess per image at shape (1, 3, 480, 640)

0: 480x640 3 persons, 2 bicycles, 4 cars, 1 bus, 4 trucks, 79.4ms
Speed: 0.5ms preprocess, 79.4ms inference, 0.3ms postprocess per image at shape (1, 3, 480, 640)

0: 480x640 3 persons, 2 bicycles, 5 cars, 5 trucks, 77.3ms
Speed: 0.5ms preprocess, 77.3ms inference, 0.6ms postprocess per image at shape (1, 3, 480, 640)

0: 480x640 3 persons, 2 bicycles, 4 cars, 4 trucks, 77.6ms
Speed: 0.5ms preprocess, 77.6ms inference, 0.3ms postprocess per image at shape (1, 3, 480, 640)

0: 480x640 3 persons, 2 bicycles, 5 cars, 4 trucks, 79.0ms
Speed: 0.5ms preprocess, 79.0ms inference, 0.4ms postprocess per image at shape (1, 3, 480, 640)

0: 480x640 2 persons, 2 bicycles, 5 cars, 4 trucks, 77.7ms
Speed: 0.4ms preprocess, 77.7ms inference, 0.3ms postprocess per image at shape (1, 3, 480, 640)

0: 480x640 2 persons, 2 bicycles, 5 cars, 4 trucks, 76.5ms
Speed: 0.5ms preprocess, 76.5ms inference, 0.4ms postprocess per image at shape (1, 3, 480, 640)

0: 480x640 2 persons, 2 bicycles, 5 cars, 4 trucks, 77.4ms
Speed: 0.6ms preprocess, 77.4ms inference, 0.4ms postprocess per image at shape (1, 3, 480, 640)

0: 480x640 2 persons, 3 bicycles, 4 cars, 5 trucks, 77.4ms
Speed: 0.4ms preprocess, 77.4ms inference, 0.4ms postprocess per image at shape (1, 3, 480, 640)

0: 480x640 1 person, 3 bicycles, 5 cars, 4 trucks, 78.1ms
Speed: 0.6ms preprocess, 78.1ms inference, 0.3ms postprocess per image at shape (1, 3, 480, 640)

0: 480x640 1 person, 1 bicycle, 6 cars, 4 trucks, 77.1ms
Speed: 0.3ms preprocess, 77.1ms inference, 0.4ms postprocess per image at shape (1, 3, 480, 640)

0: 480x640 1 person, 1 bicycle, 6 cars, 4 trucks, 79.5ms
Speed: 0.6ms preprocess, 79.5ms inference, 0.6ms postprocess per image at shape (1, 3, 480, 640)

0: 480x640 2 persons, 1 bicycle, 4 cars, 4 trucks, 78.1ms
Speed: 0.6ms preprocess, 78.1ms inference, 0.6ms postprocess per image at shape (1, 3, 480, 640)

0: 480x640 2 persons, 1 bicycle, 4 cars, 4 trucks, 76.9ms
Speed: 0.6ms preprocess, 76.9ms inference, 0.3ms postprocess per image at shape (1, 3, 480, 640)

0: 480x640 1 person, 1 bicycle, 5 cars, 4 trucks, 77.5ms
Speed: 0.5ms preprocess, 77.5ms inference, 0.4ms postprocess per image at shape (1, 3, 480, 640)

0: 480x640 1 person, 1 bicycle, 5 cars, 4 trucks, 79.3ms
Speed: 0.5ms preprocess, 79.3ms inference, 0.4ms postprocess per image at shape (1, 3, 480, 640)

0: 480x640 1 person, 1 bicycle, 5 cars, 4 trucks, 76.9ms
Speed: 0.5ms preprocess, 76.9ms inference, 0.4ms postprocess per image at shape (1, 3, 480, 640)

0: 480x640 1 person, 1 bicycle, 5 cars, 4 trucks, 78.3ms
Speed: 0.5ms preprocess, 78.3ms inference, 0.3ms postprocess per image at shape (1, 3, 480, 640)

0: 480x640 2 persons, 1 bicycle, 4 cars, 1 bus, 4 trucks, 78.3ms
Speed: 0.5ms preprocess, 78.3ms inference, 0.4ms postprocess per image at shape (1, 3, 480, 640)

0: 480x640 2 persons, 1 bicycle, 4 cars, 2 buss, 3 trucks, 79.3ms
Speed: 0.5ms preprocess, 79.3ms inference, 0.3ms postprocess per image at shape (1, 3, 480, 640)

0: 480x640 1 person, 1 bicycle, 5 cars, 2 buss, 3 trucks, 77.8ms
Speed: 0.6ms preprocess, 77.8ms inference, 0.4ms postprocess per image at shape (1, 3, 480, 640)

0: 480x640 1 person, 1 bicycle, 6 cars, 2 buss, 1 truck, 76.9ms
Speed: 0.5ms preprocess, 76.9ms inference, 0.4ms postprocess per image at shape (1, 3, 480, 640)

0: 480x640 1 person, 1 bicycle, 5 cars, 1 bus, 2 trucks, 79.3ms
Speed: 0.3ms preprocess, 79.3ms inference, 0.3ms postprocess per image at shape (1, 3, 480, 640)

0: 480x640 1 person, 1 bicycle, 6 cars, 1 bus, 1 truck, 77.4ms
Speed: 0.5ms preprocess, 77.4ms inference, 0.3ms postprocess per image at shape (1, 3, 480, 640)

0: 480x640 1 person, 1 bicycle, 5 cars, 1 bus, 1 truck, 75.9ms
Speed: 0.5ms preprocess, 75.9ms inference, 0.3ms postprocess per image at shape (1, 3, 480, 640)

0: 480x640 1 person, 1 bicycle, 6 cars, 2 buss, 91.6ms
Speed: 0.7ms preprocess, 91.6ms inference, 1.1ms postprocess per image at shape (1, 3, 480, 640)

0: 480x640 1 person, 1 bicycle, 4 cars, 1 bus, 1 truck, 77.6ms
Speed: 0.6ms preprocess, 77.6ms inference, 0.4ms postprocess per image at shape (1, 3, 480, 640)

0: 480x640 1 person, 1 bicycle, 3 cars, 2 trucks, 77.9ms
Speed: 0.5ms preprocess, 77.9ms inference, 0.4ms postprocess per image at shape (1, 3, 480, 640)

0: 480x640 1 person, 1 bicycle, 4 cars, 1 bus, 1 truck, 78.4ms
Speed: 0.5ms preprocess, 78.4ms inference, 0.4ms postprocess per image at shape (1, 3, 480, 640)

0: 480x640 1 person, 1 bicycle, 4 cars, 2 trucks, 76.7ms
Speed: 0.5ms preprocess, 76.7ms inference, 0.4ms postprocess per image at shape (1, 3, 480, 640)

0: 480x640 1 person, 1 bicycle, 4 cars, 2 trucks, 79.7ms
Speed: 0.5ms preprocess, 79.7ms inference, 0.4ms postprocess per image at shape (1, 3, 480, 640)

0: 480x640 1 person, 1 bicycle, 4 cars, 2 trucks, 78.2ms
Speed: 0.6ms preprocess, 78.2ms inference, 0.4ms postprocess per image at shape (1, 3, 480, 640)

0: 480x640 1 person, 1 bicycle, 3 cars, 2 trucks, 77.0ms
Speed: 0.5ms preprocess, 77.0ms inference, 0.6ms postprocess per image at shape (1, 3, 480, 640)

0: 480x640 1 person, 1 bicycle, 3 cars, 2 trucks, 77.3ms
Speed: 0.5ms preprocess, 77.3ms inference, 0.4ms postprocess per image at shape (1, 3, 480, 640)

0: 480x640 1 person, 1 bicycle, 4 cars, 2 trucks, 77.3ms
Speed: 0.5ms preprocess, 77.3ms inference, 0.4ms postprocess per image at shape (1, 3, 480, 640)

0: 480x640 1 person, 1 bicycle, 4 cars, 2 trucks, 77.3ms
Speed: 0.5ms preprocess, 77.3ms inference, 0.4ms postprocess per image at shape (1, 3, 480, 640)

0: 480x640 1 person, 1 bicycle, 4 cars, 2 trucks, 80.7ms
Speed: 0.5ms preprocess, 80.7ms inference, 0.4ms postprocess per image at shape (1, 3, 480, 640)

0: 480x640 1 person, 1 bicycle, 2 cars, 2 trucks, 81.6ms
Speed: 0.5ms preprocess, 81.6ms inference, 0.4ms postprocess per image at shape (1, 3, 480, 640)

0: 480x640 1 person, 1 bicycle, 2 cars, 2 trucks, 83.9ms
Speed: 0.5ms preprocess, 83.9ms inference, 0.6ms postprocess per image at shape (1, 3, 480, 640)

0: 480x640 1 person, 1 bicycle, 3 cars, 2 trucks, 82.0ms
Speed: 0.5ms preprocess, 82.0ms inference, 0.5ms postprocess per image at shape (1, 3, 480, 640)

0: 480x640 1 person, 1 bicycle, 3 cars, 2 trucks, 121.2ms
Speed: 0.5ms preprocess, 121.2ms inference, 1.2ms postprocess per image at shape (1, 3, 480, 640)

0: 480x640 1 person, 1 bicycle, 3 cars, 2 trucks, 117.0ms
Speed: 0.5ms preprocess, 117.0ms inference, 0.7ms postprocess per image at shape (1, 3, 480, 640)

0: 480x640 1 bicycle, 3 cars, 2 trucks, 80.7ms
Speed: 0.5ms preprocess, 80.7ms inference, 0.6ms postprocess per image at shape (1, 3, 480, 640)

0: 480x640 3 cars, 2 trucks, 78.9ms
Speed: 0.4ms preprocess, 78.9ms inference, 0.4ms postprocess per image at shape (1, 3, 480, 640)

0: 480x640 3 cars, 2 trucks, 77.1ms
Speed: 0.5ms preprocess, 77.1ms inference, 0.4ms postprocess per image at shape (1, 3, 480, 640)

0: 480x640 3 cars, 2 trucks, 78.1ms
Speed: 0.5ms preprocess, 78.1ms inference, 0.4ms postprocess per image at shape (1, 3, 480, 640)

0: 480x640 3 cars, 2 trucks, 78.3ms
Speed: 0.5ms preprocess, 78.3ms inference, 0.4ms postprocess per image at shape (1, 3, 480, 640)

0: 480x640 3 cars, 2 trucks, 77.2ms
Speed: 0.5ms preprocess, 77.2ms inference, 0.4ms postprocess per image at shape (1, 3, 480, 640)

0: 480x640 3 cars, 2 trucks, 78.6ms
Speed: 0.5ms preprocess, 78.6ms inference, 0.3ms postprocess per image at shape (1, 3, 480, 640)

0: 480x640 2 cars, 2 trucks, 80.8ms
Speed: 0.5ms preprocess, 80.8ms inference, 0.4ms postprocess per image at shape (1, 3, 480, 640)

0: 480x640 2 cars, 2 trucks, 78.2ms
Speed: 0.5ms preprocess, 78.2ms inference, 0.4ms postprocess per image at shape (1, 3, 480, 640)

0: 480x640 3 cars, 2 trucks, 77.6ms
Speed: 0.5ms preprocess, 77.6ms inference, 0.3ms postprocess per image at shape (1, 3, 480, 640)

0: 480x640 3 cars, 2 trucks, 78.0ms
Speed: 0.5ms preprocess, 78.0ms inference, 0.3ms postprocess per image at shape (1, 3, 480, 640)

0: 480x640 3 cars, 2 trucks, 76.6ms
Speed: 0.4ms preprocess, 76.6ms inference, 0.4ms postprocess per image at shape (1, 3, 480, 640)

0: 480x640 3 cars, 2 trucks, 77.9ms
Speed: 0.5ms preprocess, 77.9ms inference, 0.3ms postprocess per image at shape (1, 3, 480, 640)

0: 480x640 3 cars, 2 trucks, 78.2ms
Speed: 0.6ms preprocess, 78.2ms inference, 0.3ms postprocess per image at shape (1, 3, 480, 640)

0: 480x640 3 cars, 2 trucks, 75.9ms
Speed: 0.5ms preprocess, 75.9ms inference, 0.4ms postprocess per image at shape (1, 3, 480, 640)

0: 480x640 3 cars, 2 trucks, 77.3ms
Speed: 0.5ms preprocess, 77.3ms inference, 0.3ms postprocess per image at shape (1, 3, 480, 640)

0: 480x640 3 cars, 1 truck, 77.3ms
Speed: 0.5ms preprocess, 77.3ms inference, 0.3ms postprocess per image at shape (1, 3, 480, 640)

0: 480x640 3 cars, 1 truck, 77.4ms
Speed: 0.5ms preprocess, 77.4ms inference, 0.3ms postprocess per image at shape (1, 3, 480, 640)

0: 480x640 3 cars, 1 truck, 77.9ms
Speed: 0.5ms preprocess, 77.9ms inference, 0.4ms postprocess per image at shape (1, 3, 480, 640)

0: 480x640 3 cars, 1 truck, 77.4ms
Speed: 0.5ms preprocess, 77.4ms inference, 0.3ms postprocess per image at shape (1, 3, 480, 640)

0: 480x640 3 cars, 1 bus, 1 truck, 78.1ms
Speed: 0.7ms preprocess, 78.1ms inference, 0.3ms postprocess per image at shape (1, 3, 480, 640)

0: 480x640 3 cars, 78.2ms
Speed: 0.5ms preprocess, 78.2ms inference, 0.3ms postprocess per image at shape (1, 3, 480, 640)

0: 480x640 3 cars, 1 truck, 78.1ms
Speed: 0.5ms preprocess, 78.1ms inference, 0.3ms postprocess per image at shape (1, 3, 480, 640)

0: 480x640 3 cars, 1 truck, 79.0ms
Speed: 0.5ms preprocess, 79.0ms inference, 0.3ms postprocess per image at shape (1, 3, 480, 640)

0: 480x640 3 cars, 1 truck, 77.8ms
Speed: 0.8ms preprocess, 77.8ms inference, 0.3ms postprocess per image at shape (1, 3, 480, 640)

0: 480x640 4 cars, 1 truck, 76.2ms
Speed: 0.5ms preprocess, 76.2ms inference, 0.4ms postprocess per image at shape (1, 3, 480, 640)

0: 480x640 4 cars, 1 truck, 78.0ms
Speed: 0.5ms preprocess, 78.0ms inference, 0.3ms postprocess per image at shape (1, 3, 480, 640)

0: 480x640 4 cars, 1 truck, 79.9ms
Speed: 0.6ms preprocess, 79.9ms inference, 0.6ms postprocess per image at shape (1, 3, 480, 640)

0: 480x640 4 cars, 1 truck, 77.7ms
Speed: 0.4ms preprocess, 77.7ms inference, 0.3ms postprocess per image at shape (1, 3, 480, 640)

0: 480x640 4 cars, 1 truck, 77.0ms
Speed: 0.5ms preprocess, 77.0ms inference, 0.3ms postprocess per image at shape (1, 3, 480, 640)

0: 480x640 4 cars, 1 truck, 77.7ms
Speed: 0.5ms preprocess, 77.7ms inference, 0.3ms postprocess per image at shape (1, 3, 480, 640)

0: 480x640 3 cars, 1 bus, 78.0ms
Speed: 0.5ms preprocess, 78.0ms inference, 0.4ms postprocess per image at shape (1, 3, 480, 640)

0: 480x640 3 cars, 1 bus, 77.9ms
Speed: 0.5ms preprocess, 77.9ms inference, 0.3ms postprocess per image at shape (1, 3, 480, 640)

0: 480x640 3 cars, 1 bus, 77.7ms
Speed: 0.5ms preprocess, 77.7ms inference, 0.3ms postprocess per image at shape (1, 3, 480, 640)

0: 480x640 3 cars, 1 bus, 76.7ms
Speed: 0.5ms preprocess, 76.7ms inference, 0.3ms postprocess per image at shape (1, 3, 480, 640)

0: 480x640 3 cars, 1 bus, 77.8ms
Speed: 0.6ms preprocess, 77.8ms inference, 0.3ms postprocess per image at shape (1, 3, 480, 640)

0: 480x640 3 cars, 1 bus, 78.8ms
Speed: 0.5ms preprocess, 78.8ms inference, 0.3ms postprocess per image at shape (1, 3, 480, 640)

0: 480x640 3 cars, 1 bus, 78.7ms
Speed: 0.4ms preprocess, 78.7ms inference, 0.3ms postprocess per image at shape (1, 3, 480, 640)

0: 480x640 3 cars, 1 bus, 78.1ms
Speed: 0.5ms preprocess, 78.1ms inference, 0.4ms postprocess per image at shape (1, 3, 480, 640)

0: 480x640 3 cars, 1 bus, 80.3ms
Speed: 0.5ms preprocess, 80.3ms inference, 0.4ms postprocess per image at shape (1, 3, 480, 640)

0: 480x640 3 cars, 1 bus, 79.1ms
Speed: 0.5ms preprocess, 79.1ms inference, 0.4ms postprocess per image at shape (1, 3, 480, 640)

0: 480x640 3 cars, 1 bus, 78.3ms
Speed: 0.4ms preprocess, 78.3ms inference, 0.4ms postprocess per image at shape (1, 3, 480, 640)

0: 480x640 3 cars, 1 bus, 78.2ms
Speed: 0.5ms preprocess, 78.2ms inference, 0.3ms postprocess per image at shape (1, 3, 480, 640)

0: 480x640 3 cars, 1 bus, 1 truck, 78.7ms
Speed: 0.5ms preprocess, 78.7ms inference, 0.4ms postprocess per image at shape (1, 3, 480, 640)

0: 480x640 3 cars, 1 bus, 1 truck, 79.8ms
Speed: 0.6ms preprocess, 79.8ms inference, 0.3ms postprocess per image at shape (1, 3, 480, 640)

0: 480x640 3 cars, 1 bus, 1 truck, 80.0ms
Speed: 0.5ms preprocess, 80.0ms inference, 0.3ms postprocess per image at shape (1, 3, 480, 640)

0: 480x640 1 person, 3 cars, 1 truck, 78.1ms
Speed: 0.4ms preprocess, 78.1ms inference, 0.4ms postprocess per image at shape (1, 3, 480, 640)

0: 480x640 1 person, 4 cars, 2 trucks, 78.1ms
Speed: 0.3ms preprocess, 78.1ms inference, 0.4ms postprocess per image at shape (1, 3, 480, 640)

0: 480x640 1 person, 4 cars, 1 bus, 1 truck, 78.5ms
Speed: 0.6ms preprocess, 78.5ms inference, 0.4ms postprocess per image at shape (1, 3, 480, 640)

0: 480x640 4 cars, 1 bus, 1 truck, 77.6ms
Speed: 0.5ms preprocess, 77.6ms inference, 0.4ms postprocess per image at shape (1, 3, 480, 640)

0: 480x640 6 cars, 1 truck, 77.2ms
Speed: 0.5ms preprocess, 77.2ms inference, 0.4ms postprocess per image at shape (1, 3, 480, 640)

0: 480x640 5 cars, 1 truck, 78.4ms
Speed: 0.5ms preprocess, 78.4ms inference, 0.3ms postprocess per image at shape (1, 3, 480, 640)

0: 480x640 6 cars, 1 truck, 77.7ms
Speed: 0.6ms preprocess, 77.7ms inference, 0.4ms postprocess per image at shape (1, 3, 480, 640)

0: 480x640 6 cars, 1 truck, 78.0ms
Speed: 0.4ms preprocess, 78.0ms inference, 0.3ms postprocess per image at shape (1, 3, 480, 640)

0: 480x640 6 cars, 1 truck, 77.5ms
Speed: 0.4ms preprocess, 77.5ms inference, 0.3ms postprocess per image at shape (1, 3, 480, 640)

0: 480x640 7 cars, 1 truck, 76.2ms
Speed: 0.5ms preprocess, 76.2ms inference, 0.3ms postprocess per image at shape (1, 3, 480, 640)

0: 480x640 7 cars, 1 truck, 79.6ms
Speed: 0.6ms preprocess, 79.6ms inference, 0.4ms postprocess per image at shape (1, 3, 480, 640)

0: 480x640 6 cars, 1 truck, 77.0ms
Speed: 0.4ms preprocess, 77.0ms inference, 0.3ms postprocess per image at shape (1, 3, 480, 640)

0: 480x640 6 cars, 1 truck, 76.0ms
Speed: 0.4ms preprocess, 76.0ms inference, 0.3ms postprocess per image at shape (1, 3, 480, 640)

0: 480x640 7 cars, 1 truck, 77.6ms
Speed: 0.5ms preprocess, 77.6ms inference, 0.4ms postprocess per image at shape (1, 3, 480, 640)

0: 480x640 7 cars, 1 truck, 77.3ms
Speed: 0.5ms preprocess, 77.3ms inference, 0.4ms postprocess per image at shape (1, 3, 480, 640)

0: 480x640 7 cars, 1 truck, 78.1ms
Speed: 0.3ms preprocess, 78.1ms inference, 0.4ms postprocess per image at shape (1, 3, 480, 640)

0: 480x640 5 cars, 1 truck, 78.7ms
Speed: 0.6ms preprocess, 78.7ms inference, 0.6ms postprocess per image at shape (1, 3, 480, 640)

0: 480x640 6 cars, 1 truck, 79.4ms
Speed: 0.4ms preprocess, 79.4ms inference, 0.4ms postprocess per image at shape (1, 3, 480, 640)

0: 480x640 7 cars, 1 truck, 77.3ms
Speed: 0.5ms preprocess, 77.3ms inference, 0.3ms postprocess per image at shape (1, 3, 480, 640)

0: 480x640 7 cars, 1 truck, 77.2ms
Speed: 0.5ms preprocess, 77.2ms inference, 0.3ms postprocess per image at shape (1, 3, 480, 640)

0: 480x640 6 cars, 1 truck, 76.1ms
Speed: 0.5ms preprocess, 76.1ms inference, 0.3ms postprocess per image at shape (1, 3, 480, 640)

0: 480x640 7 cars, 1 truck, 76.4ms
Speed: 0.5ms preprocess, 76.4ms inference, 0.3ms postprocess per image at shape (1, 3, 480, 640)

0: 480x640 7 cars, 1 truck, 83.6ms
Speed: 0.6ms preprocess, 83.6ms inference, 0.5ms postprocess per image at shape (1, 3, 480, 640)

0: 480x640 6 cars, 2 trucks, 78.0ms
Speed: 0.3ms preprocess, 78.0ms inference, 0.4ms postprocess per image at shape (1, 3, 480, 640)

0: 480x640 7 cars, 1 truck, 78.6ms
Speed: 0.5ms preprocess, 78.6ms inference, 0.4ms postprocess per image at shape (1, 3, 480, 640)

0: 480x640 7 cars, 1 truck, 77.4ms
Speed: 0.3ms preprocess, 77.4ms inference, 0.4ms postprocess per image at shape (1, 3, 480, 640)

0: 480x640 7 cars, 1 truck, 78.3ms
Speed: 0.5ms preprocess, 78.3ms inference, 0.3ms postprocess per image at shape (1, 3, 480, 640)

0: 480x640 1 person, 7 cars, 1 truck, 76.4ms
Speed: 0.3ms preprocess, 76.4ms inference, 0.3ms postprocess per image at shape (1, 3, 480, 640)

0: 480x640 1 person, 7 cars, 1 truck, 75.5ms
Speed: 0.3ms preprocess, 75.5ms inference, 0.6ms postprocess per image at shape (1, 3, 480, 640)

0: 480x640 1 person, 7 cars, 1 truck, 76.6ms
Speed: 0.5ms preprocess, 76.6ms inference, 0.3ms postprocess per image at shape (1, 3, 480, 640)

0: 480x640 1 person, 8 cars, 1 truck, 77.1ms
Speed: 0.5ms preprocess, 77.1ms inference, 0.3ms postprocess per image at shape (1, 3, 480, 640)

0: 480x640 1 person, 8 cars, 1 truck, 77.3ms
Speed: 0.5ms preprocess, 77.3ms inference, 0.4ms postprocess per image at shape (1, 3, 480, 640)

0: 480x640 1 person, 8 cars, 1 truck, 77.1ms
Speed: 0.4ms preprocess, 77.1ms inference, 0.3ms postprocess per image at shape (1, 3, 480, 640)

0: 480x640 2 persons, 8 cars, 1 truck, 77.4ms
Speed: 0.5ms preprocess, 77.4ms inference, 0.3ms postprocess per image at shape (1, 3, 480, 640)

0: 480x640 2 persons, 8 cars, 1 truck, 76.9ms
Speed: 0.5ms preprocess, 76.9ms inference, 0.6ms postprocess per image at shape (1, 3, 480, 640)

0: 480x640 2 persons, 8 cars, 1 truck, 79.3ms
Speed: 0.4ms preprocess, 79.3ms inference, 0.3ms postprocess per image at shape (1, 3, 480, 640)
Direção da câmera 'cam1': SW
Direção da câmera 'cam1' não reconhecida. Usando cálculo padrão.
Direção da câmera 'cam1': SW
Direção da câmera 'cam1' não reconhecida. Usando cálculo padrão.
Direção da câmera 'cam1': SW
Direção da câmera 'cam1' não reconhecida. Usando cálculo padrão.
Direção da câmera 'cam1': SW
Direção da câmera 'cam1' não reconhecida. Usando cálculo padrão.
Direção da câmera 'cam1': SW
Direção da câmera 'cam1' não reconhecida. Usando cálculo padrão.
Direção da câmera 'cam1': SW
Direção da câmera 'cam1' não reconhecida. Usando cálculo padrão.
Track ID 7 is not in detected_vehicles. Skipping direction mapping.
Track ID 8 is not in detected_vehicles. Skipping direction mapping.
Direção da câmera 'cam1': SW
Direção da câmera 'cam1' não reconhecida. Usando cálculo padrão.
Track ID 10 is not in detected_vehicles. Skipping direction mapping.
Track ID 11 is not in detected_vehicles. Skipping direction mapping.
Track ID 12 is not in detected_vehicles. Skipping direction mapping.
Track ID 13 is not in detected_vehicles. Skipping direction mapping.
Track ID 14 is not in detected_vehicles. Skipping direction mapping.
Track ID 15 is not in detected_vehicles. Skipping direction mapping.
Direção da câmera 'cam1': SW
Direção da câmera 'cam1' não reconhecida. Usando cálculo padrão.
Track ID 21 is not in detected_vehicles. Skipping direction mapping.
Track ID 23 is not in detected_vehicles. Skipping direction mapping.
Direção da câmera 'cam1': SW
Direção da câmera 'cam1' não reconhecida. Usando cálculo padrão.
Direção da câmera 'cam1': SW
Direção da câmera 'cam1' não reconhecida. Usando cálculo padrão.
Track ID 30 is not in detected_vehicles. Skipping direction mapping.
Direção da câmera 'cam1': SW
Direção da câmera 'cam1' não reconhecida. Usando cálculo padrão.
Track ID 37 is not in detected_vehicles. Skipping direction mapping.
Track ID 39 is not in detected_vehicles. Skipping direction mapping.
Direção da câmera 'cam1': SW
Direção da câmera 'cam1' não reconhecida. Usando cálculo padrão.
Track ID 58 is not in detected_vehicles. Skipping direction mapping.
Track ID 60 is not in detected_vehicles. Skipping direction mapping.
Track ID 68 is not in detected_vehicles. Skipping direction mapping.
Track ID 70 is not in detected_vehicles. Skipping direction mapping.
Track ID 83 is not in detected_vehicles. Skipping direction mapping.
Track ID 92 is not in detected_vehicles. Skipping direction mapping.
Track ID 100 is not in detected_vehicles. Skipping direction mapping.
Track ID 104 is not in detected_vehicles. Skipping direction mapping.
Direção da câmera 'cam1': SW
Direção da câmera 'cam1' não reconhecida. Usando cálculo padrão.
Track ID 109 is not in detected_vehicles. Skipping direction mapping.
Track ID 113 is not in detected_vehicles. Skipping direction mapping.
Track ID 118 is not in detected_vehicles. Skipping direction mapping.
Track ID 134 is not in detected_vehicles. Skipping direction mapping.
Track ID 147 is not in detected_vehicles. Skipping direction mapping.
Track ID 157 is not in detected_vehicles. Skipping direction mapping.
Direção da câmera 'cam1': SW
Direção da câmera 'cam1' não reconhecida. Usando cálculo padrão.
Direção da câmera 'cam1': SW
Direção da câmera 'cam1' não reconhecida. Usando cálculo padrão.
Direção da câmera 'cam1': SW
Direção da câmera 'cam1' não reconhecida. Usando cálculo padrão.
Track ID 206 is not in detected_vehicles. Skipping direction mapping.
Track ID 210 is not in detected_vehicles. Skipping direction mapping.
Track ID 214 is not in detected_vehicles. Skipping direction mapping.
Track ID 220 is not in detected_vehicles. Skipping direction mapping.
Track ID 224 is not in detected_vehicles. Skipping direction mapping.
Track ID 227 is not in detected_vehicles. Skipping direction mapping.
Track ID 229 is not in detected_vehicles. Skipping direction mapping.
Direção da câmera 'cam1': SW
Direção da câmera 'cam1' não reconhecida. Usando cálculo padrão.
Track ID 245 is not in detected_vehicles. Skipping direction mapping.
Track ID 248 is not in detected_vehicles. Skipping direction mapping.
Track ID 250 is not in detected_vehicles. Skipping direction mapping.
Track ID 254 is not in detected_vehicles. Skipping direction mapping.
Track ID 259 is not in detected_vehicles. Skipping direction mapping.
Track ID 274 is not in detected_vehicles. Skipping direction mapping.
Track ID 278 is not in detected_vehicles. Skipping direction mapping.
Track ID 280 is not in detected_vehicles. Skipping direction mapping.
Direção da câmera 'cam1': SW
Direção da câmera 'cam1' não reconhecida. Usando cálculo padrão.
Track ID 285 is not in detected_vehicles. Skipping direction mapping.
Track ID 290 is not in detected_vehicles. Skipping direction mapping.
Track ID 294 is not in detected_vehicles. Skipping direction mapping.
Track ID 299 is not in detected_vehicles. Skipping direction mapping.
Track ID 300 is not in detected_vehicles. Skipping direction mapping.
Track ID 313 is not in detected_vehicles. Skipping direction mapping.
Track ID 326 is not in detected_vehicles. Skipping direction mapping.
Track ID 327 is not in detected_vehicles. Skipping direction mapping.
Direção da câmera 'cam1': SW
Direção da câmera 'cam1' não reconhecida. Usando cálculo padrão.
Track ID 350 is not in detected_vehicles. Skipping direction mapping.
Direção da câmera 'cam1': SW
Direção da câmera 'cam1' não reconhecida. Usando cálculo padrão.
Track ID 356 is not in detected_vehicles. Skipping direction mapping.
Track ID 360 is not in detected_vehicles. Skipping direction mapping.
Direção da câmera 'cam1': SW
Direção da câmera 'cam1' não reconhecida. Usando cálculo padrão.
Direção da câmera 'cam1': SW
Direção da câmera 'cam1' não reconhecida. Usando cálculo padrão.
Track ID 380 is not in detected_vehicles. Skipping direction mapping.
Track ID 390 is not in detected_vehicles. Skipping direction mapping.
Track ID 394 is not in detected_vehicles. Skipping direction mapping.
Track ID 402 is not in detected_vehicles. Skipping direction mapping.
Direção da câmera 'cam1': SW
Direção da câmera 'cam1' não reconhecida. Usando cálculo padrão.
Track ID 424 is not in detected_vehicles. Skipping direction mapping.
Track ID 428 is not in detected_vehicles. Skipping direction mapping.
Track ID 441 is not in detected_vehicles. Skipping direction mapping.
Track ID 458 is not in detected_vehicles. Skipping direction mapping.
Track ID 470 is not in detected_vehicles. Skipping direction mapping.
Direção da câmera 'cam1': SW
Direção da câmera 'cam1' não reconhecida. Usando cálculo padrão.
Track ID 489 is not in detected_vehicles. Skipping direction mapping.
Direção da câmera 'cam1': SW
Direção da câmera 'cam1' não reconhecida. Usando cálculo padrão.
Track ID 546 is not in detected_vehicles. Skipping direction mapping.
Direção da câmera 'cam1': SW
Direção da câmera 'cam1' não reconhecida. Usando cálculo padrão.
Track ID 570 is not in detected_vehicles. Skipping direction mapping.
Track ID 575 is not in detected_vehicles. Skipping direction mapping.
Direção da câmera 'cam1': SW
Direção da câmera 'cam1' não reconhecida. Usando cálculo padrão.
Direção da câmera 'cam1': SW
Direção da câmera 'cam1' não reconhecida. Usando cálculo padrão.
Direção da câmera 'cam1': SW
Direção da câmera 'cam1' não reconhecida. Usando cálculo padrão.
Track ID 584 is not in detected_vehicles. Skipping direction mapping.
Direção da câmera 'cam1': SW
Direção da câmera 'cam1' não reconhecida. Usando cálculo padrão.
Track ID 611 is not in detected_vehicles. Skipping direction mapping.
Track ID 619 is not in detected_vehicles. Skipping direction mapping.
Track ID 622 is not in detected_vehicles. Skipping direction mapping.
Track ID 625 is not in detected_vehicles. Skipping direction mapping.
Erro ao verificar existência de dados: not all arguments converted during string formatting
[2025-03-20 16:35:00] Salvando dados finais na base de dados (forçado no fim do vídeo)...
Conexão com o banco de dados estabelecida com sucesso!
Conexão com o banco de dados encerrada.
[2025-03-20 16:35:00] Dados salvos para câmara 'cam1' com sucesso!
[2025-04-21 13:42:01] No new files detected.
[2025-04-21 13:44:01] No new files detected.
[2025-04-21 13:46:01] No new files detected.
[2025-04-21 13:48:01] No new files detected.
[2025-04-21 13:50:01] No new files detected.
[2025-04-21 13:56:01] No new files detected.
[2025-04-21 13:58:01] No new files detected.
[2025-04-21 14:00:01] No new files detected.
[2025-04-21 14:02:01] No new files detected.
[2025-04-21 14:04:01] No new files detected.
[2025-04-21 14:06:01] No new files detected.
[2025-04-21 14:08:01] No new files detected.
[2025-04-21 14:10:01] No new files detected.
[2025-04-21 14:12:01] No new files detected.
[2025-04-21 14:14:01] No new files detected.
[2025-04-21 14:16:01] No new files detected.
[2025-04-21 14:18:01] No new files detected.
[2025-04-21 14:20:01] No new files detected.
[2025-04-21 14:22:01] No new files detected.
[2025-04-21 14:24:01] No new files detected.
[2025-04-21 14:26:01] No new files detected.
[2025-04-21 14:28:01] No new files detected.
[2025-04-21 14:30:01] No new files detected.
[2025-04-21 14:32:01] No new files detected.
[2025-04-21 14:34:01] No new files detected.
[2025-04-21 14:36:01] No new files detected.
[2025-04-21 14:38:01] No new files detected.
[2025-04-21 14:40:01] No new files detected.
[2025-04-21 14:42:01] No new files detected.
[2025-04-21 14:44:01] No new files detected.
[2025-04-21 14:46:01] No new files detected.
[2025-04-21 14:48:01] No new files detected.
[2025-04-21 14:50:01] No new files detected.
[2025-04-21 14:52:01] No new files detected.
[2025-04-21 14:58:01] No new files detected.
[2025-04-21 15:00:01] No new files detected.
[2025-04-21 15:02:01] No new files detected.
[2025-04-21 15:04:01] No new files detected.
[2025-04-21 15:06:01] No new files detected.
[2025-04-21 15:08:01] No new files detected.
[2025-04-21 15:10:01] No new files detected.
[2025-04-21 15:14:01] No new files detected.
[2025-04-21 15:16:01] No new files detected.
[2025-04-21 15:18:01] No new files detected.
[2025-04-21 15:20:20] No new files detected.
[2025-04-21 15:36:01] No new files detected.
[2025-04-21 15:38:01] No new files detected.
[2025-04-21 15:40:01] No new files detected.
[2025-04-21 15:42:01] No new files detected.
[2025-04-21 15:44:01] No new files detected.
[2025-04-21 15:48:01] No new files detected.
[2025-04-21 15:50:01] No new files detected.
[2025-05-10 12:00:01] No new files detected.
[2025-05-10 12:02:01] No new files detected.
[2025-05-10 12:04:01] No new files detected.
[2025-05-10 12:06:01] No new files detected.
[2025-05-10 12:08:01] No new files detected.
[2025-05-10 12:10:01] No new files detected.
